f:\computerscience\cg\cg_proj\muli3d\muli3d-v0.8\libmuli3d\debug\libmuli3d.pdb
f:\computerscience\cg\cg_proj\muli3d\muli3d-v0.8\libmuli3d\debug\libmuli3d.idb
f:\computerscience\cg\cg_proj\muli3d\muli3d-v0.8\libmuli3d\debug\m3dcore.obj
f:\computerscience\cg\cg_proj\muli3d\muli3d-v0.8\libmuli3d\debug\m3dcore_baseshader.obj
f:\computerscience\cg\cg_proj\muli3d\muli3d-v0.8\libmuli3d\debug\m3dcore_basetexture.obj
f:\computerscience\cg\cg_proj\muli3d\muli3d-v0.8\libmuli3d\debug\m3dcore_cubetexture.obj
f:\computerscience\cg\cg_proj\muli3d\muli3d-v0.8\libmuli3d\debug\m3dcore_device.obj
f:\computerscience\cg\cg_proj\muli3d\muli3d-v0.8\libmuli3d\debug\m3dcore_indexbuffer.obj
f:\computerscience\cg\cg_proj\muli3d\muli3d-v0.8\libmuli3d\debug\m3dcore_presenttarget.obj
f:\computerscience\cg\cg_proj\muli3d\muli3d-v0.8\libmuli3d\debug\m3dcore_rendertarget.obj
f:\computerscience\cg\cg_proj\muli3d\muli3d-v0.8\libmuli3d\debug\m3dcore_shaders.obj
f:\computerscience\cg\cg_proj\muli3d\muli3d-v0.8\libmuli3d\debug\m3dcore_surface.obj
f:\computerscience\cg\cg_proj\muli3d\muli3d-v0.8\libmuli3d\debug\m3dcore_texture.obj
f:\computerscience\cg\cg_proj\muli3d\muli3d-v0.8\libmuli3d\debug\m3dcore_vertexbuffer.obj
f:\computerscience\cg\cg_proj\muli3d\muli3d-v0.8\libmuli3d\debug\m3dcore_vertexformat.obj
f:\computerscience\cg\cg_proj\muli3d\muli3d-v0.8\libmuli3d\debug\m3dcore_volume.obj
f:\computerscience\cg\cg_proj\muli3d\muli3d-v0.8\libmuli3d\debug\m3dcore_volumetexture.obj
f:\computerscience\cg\cg_proj\muli3d\muli3d-v0.8\libmuli3d\debug\m3dmath_matrix44.obj
f:\computerscience\cg\cg_proj\muli3d\muli3d-v0.8\libmuli3d\debug\m3dmath_quaternion.obj
f:\computerscience\cg\cg_proj\muli3d\muli3d-v0.8\libmuli3d\debug\m3dmath_vector4.obj
f:\computerscience\cg\cg_proj\muli3d\muli3d-v0.8\libmuli3d\lib\libmuli3d.lib
f:\computerscience\cg\cg_proj\muli3d\muli3d-v0.8\libmuli3d\debug\libmuli3d.tlog\cl.command.1.tlog
f:\computerscience\cg\cg_proj\muli3d\muli3d-v0.8\libmuli3d\debug\libmuli3d.tlog\cl.read.1.tlog
f:\computerscience\cg\cg_proj\muli3d\muli3d-v0.8\libmuli3d\debug\libmuli3d.tlog\cl.write.1.tlog
f:\computerscience\cg\cg_proj\muli3d\muli3d-v0.8\libmuli3d\debug\libmuli3d.tlog\lib-link.read.1.tlog
f:\computerscience\cg\cg_proj\muli3d\muli3d-v0.8\libmuli3d\debug\libmuli3d.tlog\lib-link.write.1.tlog
f:\computerscience\cg\cg_proj\muli3d\muli3d-v0.8\libmuli3d\debug\libmuli3d.tlog\lib.command.1.tlog
